[handleMsg]:  {
  key: {
    remoteJid: '18498791590@s.whatsapp.net',
    fromMe: false,
    id: '3376744C3A5D33ADFDE8A903A6101E62',
    participant: undefined
  },
  messageTimestamp: 1730256944,
  pushName: 'Emily Mena',
  broadcast: false,
  message: Message {
    extendedTextMessage: ExtendedTextMessage {
      text: 'Hola!',
      previewType: 0,
      contextInfo: [ContextInfo],
      inviteLinkGroupTypeV2: 0
    },
    messageContextInfo: MessageContextInfo {
      deviceListMetadata: [DeviceListMetadata],
      deviceListMetadataVersion: 2,
      messageSecret: [Uint8Array]
    }
  },
  body: 'Hola!',
  from: '18498791590'
}
[QUEUE_SE_ENVIO]:  {
  ref: 'ans_f30a34f2-0413-4a8e-bc20-565122d76190',
  keyword: 'key_c22fe4a3-4cdc-47b2-8c6c-58cbb07d8e7a',
  answer: '__call_action__',
  options: {
    media: null,
    buttons: [],
    capture: false,
    child: null,
    delay: 0,
    idle: null,
    ref: null,
    nested: [],
    keyword: {},
    callback: true
  },
  refSerialize: '0661308492deaff947441eb4ca0252f3'
}
[handleMsg]:  {
  key: {
    remoteJid: '18498791590@s.whatsapp.net',
    fromMe: false,
    id: '405D6107730C6153CB21DFCB53ED7498',
    participant: undefined
  },
  messageTimestamp: 1730256985,
  pushName: 'Emily Mena',
  broadcast: false,
  message: Message {
    conversation: '1',
    messageContextInfo: MessageContextInfo {
      deviceListMetadata: [DeviceListMetadata],
      deviceListMetadataVersion: 2,
      messageSecret: [Uint8Array]
    }
  },
  body: '1',
  from: '18498791590'
}
[handleMsg]:  {
  key: {
    remoteJid: '18498791590@s.whatsapp.net',
    fromMe: false,
    id: 'DB05DAB51FB72C4124430E5B4E7BF356',
    participant: undefined
  },
  messageTimestamp: 1730257021,
  pushName: 'Emily Mena',
  broadcast: false,
  message: Message {
    conversation: '1',
    messageContextInfo: MessageContextInfo {
      deviceListMetadata: [DeviceListMetadata],
      deviceListMetadataVersion: 2,
      messageSecret: [Uint8Array]
    }
  },
  body: '1',
  from: '18498791590'
}
[handleMsg]:  {
  key: {
    remoteJid: '18498791590@s.whatsapp.net',
    fromMe: false,
    id: 'F446C4B70F7C88DAA39A5ED0299BD57E',
    participant: undefined
  },
  messageTimestamp: 1730257037,
  pushName: 'Emily Mena',
  broadcast: false,
  message: Message {
    conversation: 'Viernes 5 pm',
    messageContextInfo: MessageContextInfo {
      deviceListMetadata: [DeviceListMetadata],
      deviceListMetadataVersion: 2,
      messageSecret: [Uint8Array]
    }
  },
  body: 'Viernes 5 pm',
  from: '18498791590'
}
[QUEUE_SE_ENVIO]:  {
  ref: 'ans_70a83c11-f58c-4977-a772-24aa3e224aa2',
  keyword: 'ans_75355f62-2205-4fbd-b49a-3623cc2ae4f2',
  answer: '🔍 *Revisando disponibilidad...* Esto puede tardar unos segundos...',
  options: {
    media: null,
    buttons: [],
    capture: false,
    child: null,
    delay: 0,
    idle: null,
    ref: null,
    nested: [],
    keyword: {},
    callback: true
  },
  refSerialize: 'e31228aa36b2476540f21471b2e721f4'
}
[handleMsg]:  {
  key: {
    remoteJid: '18498791590@s.whatsapp.net',
    fromMe: false,
    id: '817197C283B75DDB1F6E748168A82F6A',
    participant: undefined
  },
  messageTimestamp: 1730257052,
  pushName: 'Emily Mena',
  broadcast: false,
  message: Message {
    conversation: 'Viernes 3',
    messageContextInfo: MessageContextInfo {
      deviceListMetadata: [DeviceListMetadata],
      deviceListMetadataVersion: 2,
      messageSecret: [Uint8Array]
    }
  },
  body: 'Viernes 3',
  from: '18498791590'
}
[QUEUE_SE_ENVIO]:  {
  ref: 'ans_f30a34f2-0413-4a8e-bc20-565122d76190',
  keyword: 'key_c22fe4a3-4cdc-47b2-8c6c-58cbb07d8e7a',
  answer: '__call_action__',
  options: {
    media: null,
    buttons: [],
    capture: false,
    child: null,
    delay: 0,
    idle: null,
    ref: null,
    nested: [],
    keyword: {},
    callback: true
  },
  refSerialize: '0661308492deaff947441eb4ca0252f3'
}
[handleMsg]:  {
  key: {
    remoteJid: '18498791590@s.whatsapp.net',
    fromMe: false,
    id: '6CEDC3BC709E2009B0829B96FD9BCF12',
    participant: undefined
  },
  messageTimestamp: 1730257060,
  pushName: 'Emily Mena',
  broadcast: false,
  message: Message {
    conversation: '1',
    messageContextInfo: MessageContextInfo {
      deviceListMetadata: [DeviceListMetadata],
      deviceListMetadataVersion: 2,
      messageSecret: [Uint8Array]
    }
  },
  body: '1',
  from: '18498791590'
}
[handleMsg]:  {
  key: {
    remoteJid: '18498791590@s.whatsapp.net',
    fromMe: false,
    id: '9D4C9AAA1EE8E0BD0BF48F7B4585C40A',
    participant: undefined
  },
  messageTimestamp: 1730257064,
  pushName: 'Emily Mena',
  broadcast: false,
  message: Message {
    conversation: '1',
    messageContextInfo: MessageContextInfo {
      deviceListMetadata: [DeviceListMetadata],
      deviceListMetadataVersion: 2,
      messageSecret: [Uint8Array]
    }
  },
  body: '1',
  from: '18498791590'
}
[handleMsg]:  {
  key: {
    remoteJid: '18498791590@s.whatsapp.net',
    fromMe: false,
    id: 'FB0329BC77D3BE15358B61833A74EB45',
    participant: undefined
  },
  messageTimestamp: 1730257075,
  pushName: 'Emily Mena',
  broadcast: false,
  message: Message {
    conversation: 'Jueves 3 pm',
    messageContextInfo: MessageContextInfo {
      deviceListMetadata: [DeviceListMetadata],
      deviceListMetadataVersion: 2,
      messageSecret: [Uint8Array]
    }
  },
  body: 'Jueves 3 pm',
  from: '18498791590'
}
[QUEUE_SE_ENVIO]:  {
  ref: 'ans_70a83c11-f58c-4977-a772-24aa3e224aa2',
  keyword: 'ans_75355f62-2205-4fbd-b49a-3623cc2ae4f2',
  answer: '🔍 *Revisando disponibilidad...* Esto puede tardar unos segundos...',
  options: {
    media: null,
    buttons: [],
    capture: false,
    child: null,
    delay: 0,
    idle: null,
    ref: null,
    nested: [],
    keyword: {},
    callback: true
  },
  refSerialize: 'e31228aa36b2476540f21471b2e721f4'
}
[handleMsg]:  {
  key: {
    remoteJid: '18498791590@s.whatsapp.net',
    fromMe: false,
    id: '8E6E5C226B77DF0119F7CBCFD31C86D9',
    participant: undefined
  },
  messageTimestamp: 1730257089,
  pushName: 'Emily Mena',
  broadcast: false,
  message: Message {
    conversation: '2',
    messageContextInfo: MessageContextInfo {
      deviceListMetadata: [DeviceListMetadata],
      deviceListMetadataVersion: 2,
      messageSecret: [Uint8Array]
    }
  },
  body: '2',
  from: '18498791590'
}
[handleMsg]:  {
  key: {
    remoteJid: '18498791590@s.whatsapp.net',
    fromMe: false,
    id: 'A27A50AA934AEE8AE12DE0FD31B013CA',
    participant: undefined
  },
  messageTimestamp: 1730257100,
  pushName: 'Emily Mena',
  broadcast: false,
  message: Message {
    conversation: '2',
    messageContextInfo: MessageContextInfo {
      deviceListMetadata: [DeviceListMetadata],
      deviceListMetadataVersion: 2,
      messageSecret: [Uint8Array]
    }
  },
  body: '2',
  from: '18498791590'
}
[QUEUE_SE_ENVIO]:  {
  ref: 'ans_f30a34f2-0413-4a8e-bc20-565122d76190',
  keyword: 'key_c22fe4a3-4cdc-47b2-8c6c-58cbb07d8e7a',
  answer: '__call_action__',
  options: {
    media: null,
    buttons: [],
    capture: false,
    child: null,
    delay: 0,
    idle: null,
    ref: null,
    nested: [],
    keyword: {},
    callback: true
  },
  refSerialize: '0661308492deaff947441eb4ca0252f3'
}
[handleMsg]:  {
  key: {
    remoteJid: '18498791590@s.whatsapp.net',
    fromMe: false,
    id: '4E211758E22BF3A0AB36C54C38B26AFA',
    participant: undefined
  },
  messageTimestamp: 1730257106,
  pushName: 'Emily Mena',
  broadcast: false,
  message: Message {
    conversation: '1',
    messageContextInfo: MessageContextInfo {
      deviceListMetadata: [DeviceListMetadata],
      deviceListMetadataVersion: 2,
      messageSecret: [Uint8Array]
    }
  },
  body: '1',
  from: '18498791590'
}
[handleMsg]:  {
  key: {
    remoteJid: '18498791590@s.whatsapp.net',
    fromMe: false,
    id: '205A44704F1ADF7D25D6EFA0C8118857',
    participant: undefined
  },
  messageTimestamp: 1730257112,
  pushName: 'Emily Mena',
  broadcast: false,
  message: Message {
    conversation: '2',
    messageContextInfo: MessageContextInfo {
      deviceListMetadata: [DeviceListMetadata],
      deviceListMetadataVersion: 2,
      messageSecret: [Uint8Array]
    }
  },
  body: '2',
  from: '18498791590'
}
[handleMsg]:  {
  key: {
    remoteJid: '18498791590@s.whatsapp.net',
    fromMe: false,
    id: 'B1ADD44A896E0EEC879ED66987EA6590',
    participant: undefined
  },
  messageTimestamp: 1730257123,
  pushName: 'Emily Mena',
  broadcast: false,
  message: Message {
    conversation: '14',
    messageContextInfo: MessageContextInfo {
      deviceListMetadata: [DeviceListMetadata],
      deviceListMetadataVersion: 2,
      messageSecret: [Uint8Array]
    }
  },
  body: '14',
  from: '18498791590'
}
[handleMsg]:  {
  key: {
    remoteJid: '18498791590@s.whatsapp.net',
    fromMe: false,
    id: '43362DDC84FF3EE6C8892407CB763A3C',
    participant: undefined
  },
  messageTimestamp: 1730257133,
  pushName: 'Emily Mena',
  broadcast: false,
  message: Message {
    conversation: '1',
    messageContextInfo: MessageContextInfo {
      deviceListMetadata: [DeviceListMetadata],
      deviceListMetadataVersion: 2,
      messageSecret: [Uint8Array]
    }
  },
  body: '1',
  from: '18498791590'
}
[handleMsg]:  {
  key: {
    remoteJid: '18498791590@s.whatsapp.net',
    fromMe: false,
    id: 'D203DF9F320B0BBCD010A8B9A54BCC95',
    participant: undefined
  },
  messageTimestamp: 1730257137,
  pushName: 'Emily Mena',
  broadcast: false,
  message: Message {
    conversation: '3',
    messageContextInfo: MessageContextInfo {
      deviceListMetadata: [DeviceListMetadata],
      deviceListMetadataVersion: 2,
      messageSecret: [Uint8Array]
    }
  },
  body: '3',
  from: '18498791590'
}
[handleMsg]:  {
  key: {
    remoteJid: '18498791590@s.whatsapp.net',
    fromMe: false,
    id: 'F5AA989B5305F369D6AB97BCAEE355E3',
    participant: undefined
  },
  messageTimestamp: 1730257237,
  pushName: 'Emily Mena',
  broadcast: false,
  message: Message {
    conversation: '1',
    messageContextInfo: MessageContextInfo {
      deviceListMetadata: [DeviceListMetadata],
      deviceListMetadataVersion: 2,
      messageSecret: [Uint8Array]
    }
  },
  body: '1',
  from: '18498791590'
}
[handleMsg]:  {
  key: {
    remoteJid: '18498791590@s.whatsapp.net',
    fromMe: false,
    id: '0CC09B4AFB9AA9E4C86AA7BBFF33449E',
    participant: undefined
  },
  messageTimestamp: 1730257242,
  pushName: 'Emily Mena',
  broadcast: false,
  message: Message {
    conversation: '1',
    messageContextInfo: MessageContextInfo {
      deviceListMetadata: [DeviceListMetadata],
      deviceListMetadataVersion: 2,
      messageSecret: [Uint8Array]
    }
  },
  body: '1',
  from: '18498791590'
}
[handleMsg]:  {
  key: {
    remoteJid: '18498791590@s.whatsapp.net',
    fromMe: false,
    id: 'DC0A39B4D0F6668F37FBE672492338B9',
    participant: undefined
  },
  messageTimestamp: 1730257561,
  pushName: 'Emily Mena',
  broadcast: false,
  message: Message {
    conversation: 'Jueves 2pm',
    messageContextInfo: MessageContextInfo {
      deviceListMetadata: [DeviceListMetadata],
      deviceListMetadataVersion: 2,
      messageSecret: [Uint8Array]
    }
  },
  body: 'Jueves 2pm',
  from: '18498791590'
}
[QUEUE_SE_ENVIO]:  {
  ref: 'ans_70a83c11-f58c-4977-a772-24aa3e224aa2',
  keyword: 'ans_75355f62-2205-4fbd-b49a-3623cc2ae4f2',
  answer: '🔍 *Revisando disponibilidad...* Esto puede tardar unos segundos...',
  options: {
    media: null,
    buttons: [],
    capture: false,
    child: null,
    delay: 0,
    idle: null,
    ref: null,
    nested: [],
    keyword: {},
    callback: true
  },
  refSerialize: 'e31228aa36b2476540f21471b2e721f4'
}
[handleMsg]:  {
  key: {
    remoteJid: '18498791590@s.whatsapp.net',
    fromMe: false,
    id: 'ABEBF5CD400A543C864E5339EA6D26CA',
    participant: undefined
  },
  messageTimestamp: 1730257578,
  pushName: 'Emily Mena',
  broadcast: false,
  message: Message {
    conversation: '2',
    messageContextInfo: MessageContextInfo {
      deviceListMetadata: [DeviceListMetadata],
      deviceListMetadataVersion: 2,
      messageSecret: [Uint8Array]
    }
  },
  body: '2',
  from: '18498791590'
}
